# JRE version: OpenJDK Runtime Environment Corretto-19.0.2.7.1 (19.0.2+7) (build 19.0.2+7-FR)
# Java VM: OpenJDK 64-Bit Server VM Corretto-19.0.2.7.1 (19.0.2+7-FR, mixed mode, emulated-client, sharing, tiered, compressed oops, compressed class ptrs, g1 gc, windows-amd64)
GC Precious Log:
 CardTable entry size: 512
 Card Set container configuration: InlinePtr #cards 5 size 8 Array Of Cards #cards 12 size 40 Howl #buckets 4 coarsen threshold 1843 Howl Bitmap #cards 512 size 80 coarsen threshold 460 Card regions per heap region 1 cards per card region 2048
 CPUs: 4 total, 4 available
 Memory: 3970M
 Large Page Support: Disabled
 NUMA Support: Disabled
 Compressed Oops: Enabled (32-bit)
 Heap Region Size: 1M
 Heap Min Capacity: 8M
 Heap Initial Capacity: 64M
 Heap Max Capacity: 994M
 Pre-touch: Disabled
 Parallel Workers: 4
 Concurrent Workers: 1
 Concurrent Refinement Workers: 4
 Periodic GC: Disabled
Heap:
 garbage-first heap   total 51200K, used 32419K [0x00000000c1e00000, 0x0000000100000000)
  region size 1024K, 8 young (8192K), 2 survivors (2048K)
 Metaspace       used 59036K, committed 59712K, reserved 1114112K
  class space    used 8293K, committed 8576K, reserved 1048576K
GC Heap History (20 events):
Event: 11.861 GC heap before
{Heap before GC invocations=11 (full 0):
 garbage-first heap   total 51200K, used 27705K [0x00000000c1e00000, 0x0000000100000000)
  region size 1024K, 10 young (10240K), 2 survivors (2048K)
 Metaspace       used 35501K, committed 36096K, reserved 1114112K
  class space    used 4837K, committed 5120K, reserved 1048576K
}
Event: 11.868 GC heap after
{Heap after GC invocations=12 (full 0):
 garbage-first heap   total 51200K, used 20842K [0x00000000c1e00000, 0x0000000100000000)
  region size 1024K, 2 young (2048K), 2 survivors (2048K)
 Metaspace       used 35501K, committed 36096K, reserved 1114112K
  class space    used 4837K, committed 5120K, reserved 1048576K
}
Event: 13.415 GC heap before
{Heap before GC invocations=13 (full 0):
 garbage-first heap   total 51200K, used 39274K [0x00000000c1e00000, 0x0000000100000000)
  region size 1024K, 20 young (20480K), 2 survivors (2048K)
 Metaspace       used 40573K, committed 41216K, reserved 1114112K
  class space    used 5524K, committed 5824K, reserved 1048576K
}
Event: 13.425 GC heap after
{Heap after GC invocations=14 (full 0):
 garbage-first heap   total 51200K, used 22168K [0x00000000c1e00000, 0x0000000100000000)
  region size 1024K, 2 young (2048K), 2 survivors (2048K)
 Metaspace       used 40573K, committed 41216K, reserved 1114112K
  class space    used 5524K, committed 5824K, reserved 1048576K
}
Event: 13.457 GC heap before
{Heap before GC invocations=14 (full 0):
 garbage-first heap   total 51200K, used 23192K [0x00000000c1e00000, 0x0000000100000000)
  region size 1024K, 3 young (3072K), 2 survivors (2048K)
 Metaspace       used 40767K, committed 41408K, reserved 1114112K
  class space    used 5558K, committed 5888K, reserved 1048576K
}
Event: 13.465 GC heap after
{Heap after GC invocations=15 (full 0):
 garbage-first heap   total 51200K, used 22186K [0x00000000c1e00000, 0x0000000100000000)
  region size 1024K, 1 young (1024K), 1 survivors (1024K)
 Metaspace       used 40767K, committed 41408K, reserved 1114112K
  class space    used 5558K, committed 5888K, reserved 1048576K
}
Event: 14.315 GC heap before
{Heap before GC invocations=15 (full 0):
 garbage-first heap   total 51200K, used 38570K [0x00000000c1e00000, 0x0000000100000000)
  region size 1024K, 18 young (18432K), 1 survivors (1024K)
 Metaspace       used 43725K, committed 44352K, reserved 1114112K
  class space    used 5974K, committed 6272K, reserved 1048576K
}
Event: 14.319 GC heap after
{Heap after GC invocations=16 (full 0):
 garbage-first heap   total 51200K, used 23209K [0x00000000c1e00000, 0x0000000100000000)
  region size 1024K, 2 young (2048K), 2 survivors (2048K)
 Metaspace       used 43725K, committed 44352K, reserved 1114112K
  class space    used 5974K, committed 6272K, reserved 1048576K
}
Event: 15.130 GC heap before
{Heap before GC invocations=16 (full 0):
 garbage-first heap   total 51200K, used 38569K [0x00000000c1e00000, 0x0000000100000000)
  region size 1024K, 18 young (18432K), 2 survivors (2048K)
 Metaspace       used 46664K, committed 47232K, reserved 1114112K
  class space    used 6329K, committed 6592K, reserved 1048576K
}
Event: 15.138 GC heap after
{Heap after GC invocations=17 (full 0):
 garbage-first heap   total 51200K, used 23926K [0x00000000c1e00000, 0x0000000100000000)
  region size 1024K, 2 young (2048K), 2 survivors (2048K)
 Metaspace       used 46664K, committed 47232K, reserved 1114112K
  class space    used 6329K, committed 6592K, reserved 1048576K
}
Event: 16.727 GC heap before
{Heap before GC invocations=17 (full 0):
 garbage-first heap   total 51200K, used 41334K [0x00000000c1e00000, 0x0000000100000000)
  region size 1024K, 19 young (19456K), 2 survivors (2048K)
 Metaspace       used 52149K, committed 52800K, reserved 1114112K
  class space    used 7279K, committed 7552K, reserved 1048576K
}
Event: 16.739 GC heap after
{Heap after GC invocations=18 (full 0):
 garbage-first heap   total 51200K, used 24708K [0x00000000c1e00000, 0x0000000100000000)
  region size 1024K, 2 young (2048K), 2 survivors (2048K)
 Metaspace       used 52149K, committed 52800K, reserved 1114112K
  class space    used 7279K, committed 7552K, reserved 1048576K
}
Event: 17.695 GC heap before
{Heap before GC invocations=18 (full 0):
 garbage-first heap   total 51200K, used 40068K [0x00000000c1e00000, 0x0000000100000000)
  region size 1024K, 18 young (18432K), 2 survivors (2048K)
 Metaspace       used 52777K, committed 53440K, reserved 1114112K
  class space    used 7375K, committed 7680K, reserved 1048576K
}
Event: 17.701 GC heap after
{Heap after GC invocations=19 (full 0):
 garbage-first heap   total 51200K, used 25105K [0x00000000c1e00000, 0x0000000100000000)
  region size 1024K, 2 young (2048K), 2 survivors (2048K)
 Metaspace       used 52777K, committed 53440K, reserved 1114112K
  class space    used 7375K, committed 7680K, reserved 1048576K
}
Event: 19.448 GC heap before
{Heap before GC invocations=20 (full 0):
 garbage-first heap   total 51200K, used 41489K [0x00000000c1e00000, 0x0000000100000000)
  region size 1024K, 19 young (19456K), 2 survivors (2048K)
 Metaspace       used 56390K, committed 57088K, reserved 1114112K
  class space    used 7940K, committed 8256K, reserved 1048576K
}
Event: 19.463 GC heap after
{Heap after GC invocations=21 (full 0):
 garbage-first heap   total 51200K, used 26316K [0x00000000c1e00000, 0x0000000100000000)
  region size 1024K, 3 young (3072K), 3 survivors (3072K)
 Metaspace       used 56390K, committed 57088K, reserved 1114112K
  class space    used 7940K, committed 8256K, reserved 1048576K
}
Event: 19.510 GC heap before
{Heap before GC invocations=21 (full 0):
 garbage-first heap   total 51200K, used 27340K [0x00000000c1e00000, 0x0000000100000000)
  region size 1024K, 4 young (4096K), 3 survivors (3072K)
 Metaspace       used 56574K, committed 57216K, reserved 1114112K
  class space    used 7963K, committed 8256K, reserved 1048576K
}
Event: 19.522 GC heap after
{Heap after GC invocations=22 (full 0):
 garbage-first heap   total 51200K, used 26374K [0x00000000c1e00000, 0x0000000100000000)
  region size 1024K, 1 young (1024K), 1 survivors (1024K)
 Metaspace       used 56574K, committed 57216K, reserved 1114112K
  class space    used 7963K, committed 8256K, reserved 1048576K
}
Event: 19.967 GC heap before
{Heap before GC invocations=22 (full 0):
 garbage-first heap   total 51200K, used 40710K [0x00000000c1e00000, 0x0000000100000000)
  region size 1024K, 16 young (16384K), 1 survivors (1024K)
 Metaspace       used 58801K, committed 59456K, reserved 1114112K
  class space    used 8259K, committed 8576K, reserved 1048576K
}
Event: 19.972 GC heap after
{Heap after GC invocations=23 (full 0):
 garbage-first heap   total 51200K, used 27299K [0x00000000c1e00000, 0x0000000100000000)
  region size 1024K, 2 young (2048K), 2 survivors (2048K)
 Metaspace       used 58801K, committed 59456K, reserved 1114112K
  class space    used 8259K, committed 8576K, reserved 1048576K
}

